<?xml version="1.0" encoding="UTF-8"?>
<testsuite xmlns:xsi="http://www.w3.org/2001/XMLSchema-instance" xsi:noNamespaceSchemaLocation="https://maven.apache.org/surefire/maven-surefire-plugin/xsd/surefire-test-report-3.0.xsd" version="3.0" name="com.stone.springbootwebconfig.SpringbootWebConfigApplicationTests" time="1.024" tests="1" errors="0" skipped="0" failures="0">
  <properties>
[...]
</properties>
  <testcase name="contextLoads" classname="com.stone.springbootwebconfig.SpringbootWebConfigApplicationTests" time="0.367">
    <system-out><![CDATA[17:59:17.392 [main] INFO org.springframework.test.context.support.AnnotationConfigContextLoaderUtils -- Could not detect default configuration classes for test class [com.stone.springbootwebconfig.SpringbootWebConfigApplicationTests]: SpringbootWebConfigApplicationTests does not declare any static, non-private, non-final, nested classes annotated with @Configuration.
17:59:17.429 [main] INFO org.springframework.boot.test.context.SpringBootTestContextBootstrapper -- Found @SpringBootConfiguration com.stone.springbootwebconfig.SpringbootWebConfigApplication for test class com.stone.springbootwebconfig.SpringbootWebConfigApplicationTests

  .   ____          _            __ _ _
 /\\ / ___'_ __ _ _(_)_ __  __ _ \ \ \ \
( ( )\___ | '_ | '_| | '_ \/ _` | \ \ \ \
 \\/  ___)| |_)| | | | | || (_| |  ) ) ) )
  '  |____| .__|_| |_|_| |_\__, | / / / /
 =========|_|==============|___/=/_/_/_/
 :: Spring Boot ::                (v3.1.5)

2023-11-21T17:59:17.576-05:00  INFO 21011 --- [           main] .s.s.SpringbootWebConfigApplicationTests : Starting SpringbootWebConfigApplicationTests using Java 17.0.8 with PID 21011 (started by stone in /Users/stone/stone_code/Java_code/JavaWeb/stone_web_project/springboot-web-config)
2023-11-21T17:59:17.576-05:00  INFO 21011 --- [           main] .s.s.SpringbootWebConfigApplicationTests : No active profile set, falling back to 1 default profile: "default"
2023-11-21T17:59:17.968-05:00  INFO 21011 --- [           main] .s.s.SpringbootWebConfigApplicationTests : Started SpringbootWebConfigApplicationTests in 0.494 seconds (process running for 0.835)
]]></system-out>
  </testcase>
</testsuite>